--- Log opened Sat Jul 09 23:54:22 2016
--- Log closed Sat Jul 09 23:59:22 2016
--- Log opened Thu Aug 25 14:26:00 2016
--- Log closed Thu Aug 25 14:31:30 2016
--- Log opened Wed Sep 21 12:10:10 2016
--- Log closed Wed Sep 21 12:15:11 2016
--- Log opened Wed Jan 25 10:22:15 2017
--- Log closed Wed Jan 25 10:27:20 2017
--- Log opened Wed Jan 25 10:36:46 2017
--- Log closed Wed Jan 25 10:42:20 2017
--- Log opened Wed Jan 25 11:23:42 2017
--- Log closed Wed Jan 25 11:29:20 2017
--- Log opened Thu Apr 20 22:38:33 2017
--- Log closed Thu Apr 20 22:43:34 2017
--- Log opened Thu Apr 20 22:46:19 2017
--- Log closed Thu Apr 20 22:51:34 2017
--- Log opened Thu May 25 04:12:49 2017
--- Log closed Thu May 25 04:18:27 2017
--- Log opened Thu May 25 05:00:11 2017
--- Log closed Thu May 25 05:05:27 2017
--- Log opened Thu May 25 05:21:43 2017
--- Log closed Thu May 25 05:27:27 2017
--- Log opened Fri Jun 09 08:07:07 2017
--- Log closed Fri Jun 09 08:12:51 2017
--- Log opened Tue Jun 13 15:41:42 2017
--- Log closed Tue Jun 13 16:16:57 2017
--- Log opened Tue Jun 13 16:52:26 2017
--- Log closed Tue Jun 13 16:57:57 2017
